<?xml version="1.0" encoding="UTF-8"?><?xml-stylesheet type="text/xsl" href="template_ja.xsl"?><testsuite name="file:/C:/Users/vantagepoint-RPA専用PC/Desktop/VP_WebCrawl/tpr/WebCrawlMain.tpr" tests="0" time="54.482">
<properties>
[...]
</properties>
<result>
<code>0</code>
<desc/>
<script/>
<line/>
<exitscreen link="exitState.png">exitState.png</exitscreen>
<stack>
<location relpath="tpr\WebCrawlMain.tpr" path="C:\Users\vantagepoint-RPA専用PC\Desktop\VP_WebCrawl\tpr\WebCrawlMain.tpr" line="75" command="Run &quot;{_PROJECT_DIR}\tpr\mynavi\mynavi.tpr&quot;"/>
<location relpath="tpr\mynavi\mynavi.tpr" path="C:\Users\vantagepoint-RPA専用PC\Desktop\VP_WebCrawl\tpr\mynavi\mynavi.tpr" line="121" command="Run &quot;{_PROJECT_DIR}\src\mynavi\OutputFileCreate.java&quot; _PROJECT_DIR=&quot;{_PROJECT_DIR}&quot; web_name=&quot;{web_name}&quot;"/>
<location relpath="src\mynavi\OutputFileCreate.java" path="C:\Users\vantagepoint-RPA専用PC\Desktop\VP_WebCrawl\src\mynavi\OutputFileCreate.java" line="1"/>
</stack>
</result>
</testsuite>
