<?xml version="1.0" encoding="UTF-8"?><?xml-stylesheet type="text/xsl" href="template_ja.xsl"?><testsuite name="file:/C:/Users/vantagepoint-RPA専用PC/Desktop/VP_WebCrawl/tpr/WebCrawlMain.tpr" tests="0" time="31.878">
<properties>
[...]
</properties>
<result>
<code>0</code>
<desc/>
<script/>
<line/>
<exitscreen link="exitState.png">exitState.png</exitscreen>
<stack>
<location relpath="tpr\WebCrawlMain.tpr" path="C:\Users\vantagepoint-RPA専用PC\Desktop\VP_WebCrawl\tpr\WebCrawlMain.tpr" line="75" command="Run &quot;{_PROJECT_DIR}\tpr\mynavi\mynavi.tpr&quot;"/>
</stack>
</result>
</testsuite>
